2026-03-24 20:20:02,686 - Test_AUC: 0.827542138615623
2026-03-24 20:20:02,686 - Miss Rate: 0.31567053689706226
2026-03-24 20:20:02,724 -               precision    recall  f1-score   support

    negative       0.70      0.97      0.81      9711
    positive       0.97      0.68      0.80     12833

    accuracy                           0.81     22544
   macro avg       0.83      0.83      0.81     22544
weighted avg       0.85      0.81      0.81     22544

2026-03-24 20:20:15,502 - Test_AUC: 0.827542138615623
2026-03-24 20:20:15,502 - Miss Rate: 0.31567053689706226
2026-03-24 20:20:15,546 -               precision    recall  f1-score   support

    negative       0.70      0.97      0.81      9711
    positive       0.97      0.68      0.80     12833

    accuracy                           0.81     22544
   macro avg       0.83      0.83      0.81     22544
weighted avg       0.85      0.81      0.81     22544

2026-03-24 20:24:58,927 - Test_AUC: 0.821917693130746
2026-03-24 20:24:58,927 - Test_PR: 0.8378085963767697
2026-03-24 20:24:58,928 - Miss Rate: 0.3271253798799969
2026-03-24 20:24:58,962 -               precision    recall  f1-score   support

    negative       0.69      0.97      0.81      9711
    positive       0.97      0.67      0.79     12833

    accuracy                           0.80     22544
   macro avg       0.83      0.82      0.80     22544
weighted avg       0.85      0.80      0.80     22544

2026-03-25 16:41:07,879 - Test_AUC: 0.821917693130746
2026-03-25 16:41:07,880 - Test_PR: 0.8378085963767697
2026-03-25 16:41:07,880 - Miss Rate: 0.3271253798799969
2026-03-25 16:41:22,518 - Test_AUC: 0.821917693130746
2026-03-25 16:41:22,518 - Test_PR: 0.8378085963767697
2026-03-25 16:41:22,518 - Miss Rate: 0.3271253798799969
2026-03-25 16:41:22,555 -               precision    recall  f1-score   support

    negative       0.69      0.97      0.81      9711
    positive       0.97      0.67      0.79     12833

    accuracy                           0.80     22544
   macro avg       0.83      0.82      0.80     22544
weighted avg       0.85      0.80      0.80     22544

2026-03-25 16:43:12,434 - Test_AUC: 0.821917693130746
2026-03-25 16:43:12,434 - Test_PR: 0.8378085963767697
2026-03-25 16:43:12,434 - Miss Rate: 0.3271253798799969
2026-03-25 16:43:12,469 -               precision    recall  f1-score   support

    negative       0.69      0.97      0.81      9711
    positive       0.97      0.67      0.79     12833

    accuracy                           0.80     22544
   macro avg       0.83      0.82      0.80     22544
weighted avg       0.85      0.80      0.80     22544

2026-03-25 16:43:42,630 - Test_AUC: 0.821917693130746
2026-03-25 16:43:42,631 - Test_PR: 0.8378085963767697
2026-03-25 16:43:42,631 - Miss Rate: 0.3271253798799969
2026-03-25 16:43:42,672 -               precision    recall  f1-score   support

    negative       0.69      0.97      0.81      9711
    positive       0.97      0.67      0.79     12833

    accuracy                           0.80     22544
   macro avg       0.83      0.82      0.80     22544
weighted avg       0.85      0.80      0.80     22544

2026-03-25 16:45:23,510 - Test_AUC: 0.821917693130746
2026-03-25 16:45:23,510 - Test_PR: 0.8378085963767697
2026-03-25 16:45:23,510 - Miss Rate: 0.3271253798799969
2026-03-25 16:45:23,549 -               precision    recall  f1-score   support

    negative       0.69      0.97      0.81      9711
    positive       0.97      0.67      0.79     12833

    accuracy                           0.80     22544
   macro avg       0.83      0.82      0.80     22544
weighted avg       0.85      0.80      0.80     22544

2026-03-25 16:47:12,353 - Test_AUC: 0.821917693130746
2026-03-25 16:47:12,353 - Test_PR: 0.8378085963767697
2026-03-25 16:47:12,353 - Miss Rate: 0.3271253798799969
2026-03-25 16:47:12,390 -               precision    recall  f1-score   support

    negative       0.69      0.97      0.81      9711
    positive       0.97      0.67      0.79     12833

    accuracy                           0.80     22544
   macro avg       0.83      0.82      0.80     22544
weighted avg       0.85      0.80      0.80     22544

2026-03-25 16:48:50,510 - Test_AUC: 0.821917693130746
2026-03-25 16:48:50,511 - Test_PR: 0.8378085963767697
2026-03-25 16:48:50,511 - Miss Rate: 0.3271253798799969
2026-03-25 16:48:50,545 -               precision    recall  f1-score   support

    negative       0.69      0.97      0.81      9711
    positive       0.97      0.67      0.79     12833

    accuracy                           0.80     22544
   macro avg       0.83      0.82      0.80     22544
weighted avg       0.85      0.80      0.80     22544

2026-03-25 16:52:17,830 - Test_AUC: 0.821917693130746
2026-03-25 16:52:17,830 - Test_PR: 0.8378085963767697
2026-03-25 16:52:17,830 - Miss Rate: 0.3271253798799969
2026-03-25 16:52:17,871 -               precision    recall  f1-score   support

    negative       0.69      0.97      0.81      9711
    positive       0.97      0.67      0.79     12833

    accuracy                           0.80     22544
   macro avg       0.83      0.82      0.80     22544
weighted avg       0.85      0.80      0.80     22544

2026-03-25 16:59:10,168 - Test_AUC: 0.821917693130746
2026-03-25 16:59:10,169 - Test_PR: 0.8378085963767697
2026-03-25 16:59:10,169 - Miss Rate: 0.3271253798799969
2026-03-25 16:59:10,208 -               precision    recall  f1-score   support

    negative       0.69      0.97      0.81      9711
    positive       0.97      0.67      0.79     12833

    accuracy                           0.80     22544
   macro avg       0.83      0.82      0.80     22544
weighted avg       0.85      0.80      0.80     22544

